<?xml version="1.0" encoding="UTF-8"?>
<testng-results ignored="0" total="4" passed="4" failed="0" skipped="0">
  <reporter-output>
  </reporter-output>
  <suite started-at="2023-12-21T01:09:29 IST" name="Gradle suite" finished-at="2023-12-21T01:09:46 IST" duration-ms="16887">
    <groups>
    </groups>
    <test started-at="2023-12-21T01:09:29 IST" name="Gradle test" finished-at="2023-12-21T01:09:46 IST" duration-ms="16887">
      <class name="qtriptest.APITests.testCase_API_01">
        <test-method signature="API_01()[pri:0, instance:qtriptest.APITests.testCase_API_01@4d5650ae]" started-at="2023-12-21T01:09:29 IST" name="API_01" finished-at="2023-12-21T01:09:38 IST" duration-ms="8862" status="PASS">
          <reporter-output>
          </reporter-output>
        </test-method> <!-- API_01 -->
      </class> <!-- qtriptest.APITests.testCase_API_01 -->
      <class name="qtriptest.APITests.testCase_API_02">
        <test-method signature="API_02()[pri:0, instance:qtriptest.APITests.testCase_API_02@25641d39]" started-at="2023-12-21T01:09:38 IST" name="API_02" finished-at="2023-12-21T01:09:39 IST" duration-ms="1140" status="PASS">
          <reporter-output>
          </reporter-output>
        </test-method> <!-- API_02 -->
      </class> <!-- qtriptest.APITests.testCase_API_02 -->
      <class name="qtriptest.APITests.testCase_API_03">
        <test-method signature="API_03()[pri:0, instance:qtriptest.APITests.testCase_API_03@7b36aa0c]" started-at="2023-12-21T01:09:39 IST" name="API_03" finished-at="2023-12-21T01:09:43 IST" duration-ms="4510" status="PASS">
          <reporter-output>
          </reporter-output>
        </test-method> <!-- API_03 -->
      </class> <!-- qtriptest.APITests.testCase_API_03 -->
      <class name="qtriptest.APITests.testCase_API_04">
        <test-method signature="API_04()[pri:0, instance:qtriptest.APITests.testCase_API_04@5824a83d]" started-at="2023-12-21T01:09:43 IST" name="API_04" finished-at="2023-12-21T01:09:46 IST" duration-ms="2230" status="PASS">
          <reporter-output>
          </reporter-output>
        </test-method> <!-- API_04 -->
      </class> <!-- qtriptest.APITests.testCase_API_04 -->
    </test> <!-- Gradle test -->
  </suite> <!-- Gradle suite -->
</testng-results>
